2020/01/13 14:11:47 server.go:81: 调用CreateFile
2020/01/13 14:12:40 server.go:159: 调用WriteFile
2020/01/13 14:12:45 server.go:111: 调用ReadFile
2020/01/13 14:12:58 server.go:159: 调用WriteFile
2020/01/13 14:19:50 server.go:92: 调用DeleteFile
2020/01/13 14:20:09 server.go:81: 调用CreateFile
2020/01/13 14:20:21 server.go:159: 调用WriteFile
2020/01/13 14:20:26 server.go:111: 调用ReadFile
2020/01/13 14:20:34 server.go:159: 调用WriteFile
2020/01/13 14:20:37 server.go:111: 调用ReadFile
2020/01/13 14:27:26 server.go:159: 调用WriteFile
2020/01/13 14:27:26 server.go:159: 调用WriteFile
2020/01/13 14:27:26 server.go:159: 调用WriteFile
2020/01/13 14:29:19 server.go:159: 调用WriteFile
2020/01/13 14:29:19 server.go:159: 调用WriteFile
2020/01/13 14:29:19 server.go:159: 调用WriteFile
2020/01/13 14:31:38 server.go:159: 调用WriteFile
2020/01/13 14:31:38 server.go:159: 调用WriteFile
2020/01/13 14:31:38 server.go:159: 调用WriteFile
2020/01/13 14:32:33 server.go:159: 调用WriteFile
2020/01/13 14:32:33 server.go:159: 调用WriteFile
2020/01/13 14:32:33 server.go:159: 调用WriteFile
2020/01/13 14:32:33 server.go:166: 文件正在被写
2020/01/13 14:33:32 server.go:159: 调用WriteFile
2020/01/13 14:33:32 server.go:159: 调用WriteFile
2020/01/13 14:33:32 server.go:159: 调用WriteFile
2020/01/13 14:38:23 server.go:159: 调用WriteFile
2020/01/13 14:38:23 server.go:159: 调用WriteFile
2020/01/13 14:38:23 server.go:159: 调用WriteFile
2020/01/13 16:19:20 server.go:159: 调用WriteFile
2020/01/13 16:19:20 server.go:159: 调用WriteFile
2020/01/13 16:19:20 server.go:159: 调用WriteFile
2020/01/13 16:20:15 server.go:159: 调用WriteFile
2020/01/13 16:20:15 server.go:159: 调用WriteFile
2020/01/13 16:20:15 server.go:159: 调用WriteFile
2020/01/13 16:26:50 server.go:159: 调用WriteFile
2020/01/13 16:26:50 server.go:159: 调用WriteFile
2020/01/13 16:26:50 server.go:159: 调用WriteFile
2020/01/13 16:49:41 server.go:112: 调用ReadFile
2020/01/13 16:49:41 server.go:195: 调用WriteFile
2020/01/13 16:49:41 server.go:112: 调用ReadFile
2020/01/13 16:49:41 server.go:135: 有写者在等待
2020/01/13 16:49:41 server.go:135: 有写者在等待
2020/01/13 16:50:29 server.go:195: 调用WriteFile
2020/01/13 16:50:29 server.go:195: 调用WriteFile
2020/01/13 16:50:29 server.go:112: 调用ReadFile
2020/01/13 16:50:29 server.go:135: 有写者在等待
2020/01/13 16:53:28 server.go:195: 调用WriteFile
2020/01/13 16:53:28 server.go:195: 调用WriteFile
2020/01/13 16:53:28 server.go:112: 调用ReadFile
2020/01/13 16:53:28 server.go:135: 有写者在等待
2020/01/13 16:56:06 server.go:197: 调用WriteFile
2020/01/13 16:56:06 server.go:112: 调用ReadFile
2020/01/13 16:56:06 server.go:197: 调用WriteFile
2020/01/13 16:56:06 server.go:135: 
2020/01/13 16:56:06 server.go:137: 有写者在等待
2020/01/13 16:58:37 server.go:112: 调用ReadFile
2020/01/13 16:58:37 server.go:112: 调用ReadFile
2020/01/13 16:58:37 server.go:135: 
2020/01/13 16:58:37 server.go:137: 有写者在等待
2020/01/13 16:58:37 server.go:135: 
2020/01/13 16:58:37 server.go:137: 有写者在等待
2020/01/13 17:01:09 server.go:112: 调用ReadFile
2020/01/13 17:01:09 server.go:112: 调用ReadFile
2020/01/13 17:01:09 server.go:135: 
2020/01/13 17:01:09 server.go:137: 有写者在等待
2020/01/13 17:01:09 server.go:135: 
2020/01/13 17:01:09 server.go:137: 有写者在等待
2020/01/13 17:03:42 server.go:112: 调用ReadFile
2020/01/13 17:03:42 server.go:112: 调用ReadFile
2020/01/13 17:03:42 server.go:134: <nil>
2020/01/13 17:03:42 server.go:136: 有写者在等待
2020/01/13 17:03:42 server.go:134: <nil>
2020/01/13 17:03:42 server.go:136: 有写者在等待
2020/01/13 17:05:47 server.go:112: 调用ReadFile
2020/01/13 17:05:47 server.go:112: 调用ReadFile
2020/01/13 17:05:47 server.go:134: <nil>
2020/01/13 17:05:47 server.go:136: 有写者在等待
2020/01/13 17:05:47 server.go:134: <nil>
2020/01/13 17:05:47 server.go:136: 有写者在等待
2020/01/13 17:10:36 server.go:112: 调用ReadFile
2020/01/13 17:10:36 server.go:112: 调用ReadFile
2020/01/13 17:12:02 server.go:196: 调用WriteFile
2020/01/13 17:12:30 server.go:196: 调用WriteFile
2020/01/13 17:14:19 server.go:195: 调用WriteFile
2020/01/13 17:14:23 server.go:112: 调用ReadFile
2020/01/13 17:14:23 server.go:112: 调用ReadFile
2020/01/13 17:14:42 server.go:195: 调用WriteFile
2020/01/13 17:17:51 server.go:195: 调用WriteFile
2020/01/13 17:17:53 server.go:195: 调用WriteFile
2020/01/13 17:17:53 server.go:195: 调用WriteFile
2020/01/13 17:17:53 server.go:195: 调用WriteFile
2020/01/13 17:17:53 server.go:112: 调用ReadFile
2020/01/13 17:17:53 server.go:112: 调用ReadFile
2020/01/13 17:19:04 server.go:195: 调用WriteFile
2020/01/13 17:19:06 server.go:195: 调用WriteFile
2020/01/13 17:19:06 server.go:112: 调用ReadFile
2020/01/13 17:19:06 server.go:112: 调用ReadFile
2020/01/13 17:19:06 server.go:135: 有写者在等待
2020/01/13 17:19:06 server.go:135: 有写者在等待
2020/01/13 17:19:47 server.go:195: 调用WriteFile
2020/01/13 17:19:47 server.go:112: 调用ReadFile
2020/01/13 17:19:47 server.go:112: 调用ReadFile
2020/01/13 17:19:47 server.go:135: 有写者在等待
2020/01/13 17:19:47 server.go:135: 有写者在等待
2020/01/13 17:19:50 server.go:195: 调用WriteFile
2020/01/13 17:19:50 server.go:112: 调用ReadFile
2020/01/13 17:19:50 server.go:112: 调用ReadFile
2020/01/13 17:19:50 server.go:135: 有写者在等待
2020/01/13 17:19:50 server.go:135: 有写者在等待
2020/01/13 17:19:51 server.go:195: 调用WriteFile
2020/01/13 17:19:51 server.go:112: 调用ReadFile
2020/01/13 17:19:51 server.go:112: 调用ReadFile
2020/01/13 17:19:53 server.go:195: 调用WriteFile
2020/01/13 17:19:53 server.go:112: 调用ReadFile
2020/01/13 17:19:53 server.go:112: 调用ReadFile
2020/01/13 17:19:53 server.go:135: 有写者在等待
2020/01/13 17:19:53 server.go:135: 有写者在等待
2020/01/13 17:19:55 server.go:195: 调用WriteFile
2020/01/13 17:19:55 server.go:112: 调用ReadFile
2020/01/13 17:19:55 server.go:112: 调用ReadFile
2020/01/13 17:19:55 server.go:135: 有写者在等待
2020/01/13 17:19:55 server.go:135: 有写者在等待
2020/01/13 17:19:56 server.go:195: 调用WriteFile
2020/01/13 17:19:56 server.go:112: 调用ReadFile
2020/01/13 17:19:56 server.go:112: 调用ReadFile
2020/01/13 17:19:56 server.go:135: 有写者在等待
2020/01/13 17:19:56 server.go:135: 有写者在等待
2020/01/13 18:58:48 server.go:83: 调用CreateFile
2020/01/13 18:58:58 server.go:231: 调用WriteFile
2020/01/13 18:59:21 server.go:133: 调用ReadFile
2020/01/13 18:59:21 server.go:137: CreateFile t4.txt: The system cannot find the file specified.
2020/01/13 19:13:46 server.go:237: 调用WriteFile
2020/01/13 19:13:46 server.go:331: 从备份服务器下载文件：t4.txt
2020/01/13 19:13:46 server.go:279: invalid argument
2020/01/13 19:17:23 server.go:237: 调用WriteFile
2020/01/13 19:17:51 server.go:237: 调用WriteFile
2020/01/13 19:17:51 server.go:332: 从备份服务器下载文件：t4.txt
2020/01/13 19:18:09 server.go:133: 调用ReadFile
2020/01/13 20:16:15 server.go:104: 调用DeleteFile
2020/01/13 20:18:20 server.go:104: 调用DeleteFile
2020/01/13 20:18:20 server.go:112: remove t4.txt: The system cannot find the file specified.
2020/01/13 20:19:13 server.go:104: 调用DeleteFile
2020/01/13 20:33:07 server.go:83: 调用CreateFile
2020/01/13 20:33:14 server.go:233: 调用WriteFile
2020/01/13 20:33:17 server.go:233: 调用WriteFile
2020/01/13 20:33:22 server.go:129: 调用ReadFile
2020/01/13 20:33:33 server.go:233: 调用WriteFile
2020/01/13 20:33:35 server.go:129: 调用ReadFile
2020/01/13 20:34:10 server.go:233: 调用WriteFile
2020/01/13 20:34:10 server.go:328: 从备份服务器下载文件：l2.txt
2020/01/13 20:34:16 server.go:129: 调用ReadFile
