2019/12/31 23:29:46 client.go:228: 调用ReadFile
2019/12/31 23:29:46 client.go:279: EOF
2019/12/31 23:31:17 client.go:228: 调用ReadFile
2019/12/31 23:31:17 client.go:281: EOF
2019/12/31 23:32:12 client.go:228: 调用ReadFile
2019/12/31 23:32:12 client.go:281: EOF
2019/12/31 23:46:20 client.go:228: 调用ReadFile
2019/12/31 23:46:21 client.go:297: 文件：test.txt下载成功
2019/12/31 23:51:17 client.go:228: 调用ReadFile
2019/12/31 23:51:17 client.go:258: 本地文件已是最新文件
2019/12/31 23:54:22 client.go:205: 调用DeleteFile
2019/12/31 23:54:39 client.go:234: 调用ReadFile
2019/12/31 23:54:39 client.go:264: 本地文件已是最新文件
2019/12/31 23:55:50 client.go:234: 调用ReadFile
2019/12/31 23:55:50 client.go:292: os: invalid use of WriteAt on file opened with O_APPEND
2019/12/31 23:57:01 client.go:234: 调用ReadFile
2019/12/31 23:57:01 client.go:292: write test.txt: Access is denied.
2019/12/31 23:58:10 client.go:234: 调用ReadFile
2019/12/31 23:58:10 client.go:300: 文件：test.txt下载成功
2020/01/01 00:12:03 client.go:234: 调用ReadFile
2020/01/01 00:12:04 client.go:264: 本地文件已是最新文件
2020/01/01 00:12:20 client.go:234: 调用ReadFile
2020/01/01 00:12:20 client.go:300: 文件：test.txt下载成功
2020/01/01 00:12:41 client.go:234: 调用ReadFile
2020/01/01 00:12:41 client.go:264: 本地文件已是最新文件
2020/01/01 00:13:22 client.go:234: 调用ReadFile
2020/01/01 00:13:22 client.go:300: 文件：test.txt下载成功
2020/01/13 10:17:53 client.go:135: 调用ReadFile
2020/01/13 10:17:53 client.go:162: 本地文件已是最新文件
2020/01/13 10:18:04 client.go:110: 调用DeleteFile
2020/01/13 11:01:50 client.go:217: 调用ReadFile
2020/01/13 11:02:20 client.go:140: 调用ReadFile
2020/01/13 11:02:20 client.go:203: 文件：test.txt下载成功
2020/01/13 14:11:59 client.go:217: 调用ReadFile
2020/01/13 14:12:14 client.go:140: 调用ReadFile
2020/01/13 14:12:14 client.go:167: 本地文件已是最新文件
2020/01/13 14:12:40 client.go:217: 调用ReadFile
2020/01/13 14:12:45 client.go:140: 调用ReadFile
2020/01/13 14:12:45 client.go:203: 文件：t2.txt下载成功
2020/01/13 14:12:52 client.go:140: 调用ReadFile
2020/01/13 14:12:52 client.go:167: 本地文件已是最新文件
2020/01/13 14:12:58 client.go:217: 调用ReadFile
2020/01/13 14:13:00 client.go:140: 调用ReadFile
2020/01/13 14:13:00 client.go:167: 本地文件已是最新文件
2020/01/13 14:13:01 client.go:140: 调用ReadFile
2020/01/13 14:13:01 client.go:167: 本地文件已是最新文件
2020/01/13 14:13:03 client.go:140: 调用ReadFile
2020/01/13 14:13:03 client.go:167: 本地文件已是最新文件
2020/01/13 14:19:44 client.go:115: 调用DeleteFile
2020/01/13 14:19:50 client.go:115: 调用DeleteFile
2020/01/13 14:20:21 client.go:217: 调用WriteFile
2020/01/13 14:20:26 client.go:140: 调用ReadFile
2020/01/13 14:20:26 client.go:203: 文件：t2.txt下载成功
2020/01/13 14:20:34 client.go:217: 调用WriteFile
2020/01/13 14:20:37 client.go:140: 调用ReadFile
2020/01/13 14:20:37 client.go:203: 文件：t2.txt下载成功
2020/01/13 14:27:26 client.go:226: 调用WriteFile
2020/01/13 14:27:26 client.go:226: 调用WriteFile
2020/01/13 14:27:26 client.go:226: 调用WriteFile
2020/01/13 14:29:19 client.go:228: 调用WriteFile
2020/01/13 14:29:19 client.go:228: 调用WriteFile
2020/01/13 14:29:19 client.go:228: 调用WriteFile
2020/01/13 14:31:38 client.go:228: 调用WriteFile
2020/01/13 14:31:38 client.go:228: 调用WriteFile
2020/01/13 14:31:38 client.go:228: 调用WriteFile
2020/01/13 14:32:33 client.go:228: 调用WriteFile
2020/01/13 14:32:33 client.go:228: 调用WriteFile
2020/01/13 14:32:33 client.go:228: 调用WriteFile
2020/01/13 14:32:33 client.go:246: 文件正在被写
2020/01/13 14:33:32 client.go:228: 调用WriteFile
2020/01/13 14:33:32 client.go:228: 调用WriteFile
2020/01/13 14:33:32 client.go:228: 调用WriteFile
2020/01/13 14:38:23 client.go:228: 调用WriteFile
2020/01/13 14:38:23 client.go:228: 调用WriteFile
2020/01/13 14:38:23 client.go:228: 调用WriteFile
2020/01/13 16:19:20 client.go:229: 调用WriteFile
2020/01/13 16:19:20 client.go:229: 调用WriteFile
2020/01/13 16:19:20 client.go:229: 调用WriteFile
2020/01/13 16:20:15 client.go:229: 调用WriteFile
2020/01/13 16:20:15 client.go:229: 调用WriteFile
2020/01/13 16:20:15 client.go:229: 调用WriteFile
2020/01/13 16:26:50 client.go:229: 调用WriteFile
2020/01/13 16:26:50 client.go:229: 调用WriteFile
2020/01/13 16:26:50 client.go:229: 调用WriteFile
2020/01/13 16:49:41 client.go:154: 调用ReadFile
2020/01/13 16:49:41 client.go:231: 调用WriteFile
2020/01/13 16:49:41 client.go:231: 调用WriteFile
2020/01/13 16:49:41 client.go:154: 调用ReadFile
2020/01/13 16:49:41 client.go:231: 调用WriteFile
2020/01/13 16:49:41 client.go:238: redigo: connection pool exhausted
2020/01/13 16:49:41 client.go:238: redigo: connection pool exhausted
2020/01/13 16:49:41 client.go:204: 有写者在等待
2020/01/13 16:49:41 client.go:204: 有写者在等待
2020/01/13 16:50:29 client.go:154: 调用ReadFile
2020/01/13 16:50:29 client.go:231: 调用WriteFile
2020/01/13 16:50:29 client.go:231: 调用WriteFile
2020/01/13 16:50:29 client.go:154: 调用ReadFile
2020/01/13 16:50:29 client.go:231: 调用WriteFile
2020/01/13 16:50:29 client.go:238: redigo: connection pool exhausted
2020/01/13 16:50:29 client.go:167: redigo: connection pool exhausted
2020/01/13 16:50:29 client.go:204: 有写者在等待
2020/01/13 16:53:27 client.go:231: 调用WriteFile
2020/01/13 16:53:27 client.go:154: 调用ReadFile
2020/01/13 16:53:27 client.go:231: 调用WriteFile
2020/01/13 16:53:28 client.go:204: 有写者在等待
2020/01/13 16:56:06 client.go:154: 调用ReadFile
2020/01/13 16:56:06 client.go:231: 调用WriteFile
2020/01/13 16:56:06 client.go:231: 调用WriteFile
2020/01/13 16:56:06 client.go:204: 有写者在等待
2020/01/13 16:58:37 client.go:154: 调用ReadFile
2020/01/13 16:58:37 client.go:154: 调用ReadFile
2020/01/13 16:58:37 client.go:204: 有写者在等待
2020/01/13 16:58:37 client.go:204: 有写者在等待
2020/01/13 17:01:09 client.go:154: 调用ReadFile
2020/01/13 17:01:09 client.go:154: 调用ReadFile
2020/01/13 17:01:09 client.go:204: 有写者在等待
2020/01/13 17:01:09 client.go:204: 有写者在等待
2020/01/13 17:03:42 client.go:154: 调用ReadFile
2020/01/13 17:03:42 client.go:154: 调用ReadFile
2020/01/13 17:03:42 client.go:204: 有写者在等待
2020/01/13 17:03:42 client.go:204: 有写者在等待
2020/01/13 17:05:47 client.go:154: 调用ReadFile
2020/01/13 17:05:47 client.go:154: 调用ReadFile
2020/01/13 17:05:47 client.go:204: 有写者在等待
2020/01/13 17:05:47 client.go:204: 有写者在等待
2020/01/13 17:10:36 client.go:154: 调用ReadFile
2020/01/13 17:10:36 client.go:154: 调用ReadFile
2020/01/13 17:10:36 client.go:217: 文件：t2.txt下载成功
2020/01/13 17:10:36 client.go:217: 文件：t2.txt下载成功
2020/01/13 17:11:00 client.go:154: 调用ReadFile
2020/01/13 17:11:00 client.go:154: 调用ReadFile
2020/01/13 17:11:00 client.go:181: 本地文件已是最新文件
2020/01/13 17:11:00 client.go:181: 本地文件已是最新文件
2020/01/13 17:11:27 client.go:154: 调用ReadFile
2020/01/13 17:11:27 client.go:181: 本地文件已是最新文件
2020/01/13 17:12:02 client.go:154: 调用ReadFile
2020/01/13 17:12:02 client.go:231: 调用WriteFile
2020/01/13 17:12:02 client.go:154: 调用ReadFile
2020/01/13 17:12:02 client.go:181: 本地文件已是最新文件
2020/01/13 17:12:02 client.go:181: 本地文件已是最新文件
2020/01/13 17:12:29 client.go:231: 调用WriteFile
2020/01/13 17:14:19 client.go:231: 调用WriteFile
2020/01/13 17:14:23 client.go:154: 调用ReadFile
2020/01/13 17:14:23 client.go:154: 调用ReadFile
2020/01/13 17:14:23 client.go:217: 文件：t2.txt下载成功
2020/01/13 17:14:23 client.go:217: 文件：t2.txt下载成功
2020/01/13 17:14:42 client.go:231: 调用WriteFile
2020/01/13 17:17:51 client.go:231: 调用WriteFile
2020/01/13 17:17:53 client.go:231: 调用WriteFile
2020/01/13 17:17:53 client.go:154: 调用ReadFile
2020/01/13 17:17:53 client.go:231: 调用WriteFile
2020/01/13 17:17:53 client.go:154: 调用ReadFile
2020/01/13 17:17:53 client.go:231: 调用WriteFile
2020/01/13 17:17:53 client.go:204: redigo: connection pool exhausted
2020/01/13 17:17:53 client.go:204: redigo: connection pool exhausted
2020/01/13 17:19:04 client.go:231: 调用WriteFile
2020/01/13 17:19:06 client.go:154: 调用ReadFile
2020/01/13 17:19:06 client.go:154: 调用ReadFile
2020/01/13 17:19:06 client.go:231: 调用WriteFile
2020/01/13 17:19:06 client.go:204: 有写者在等待
2020/01/13 17:19:06 client.go:204: 有写者在等待
2020/01/13 17:19:47 client.go:154: 调用ReadFile
2020/01/13 17:19:47 client.go:154: 调用ReadFile
2020/01/13 17:19:47 client.go:231: 调用WriteFile
2020/01/13 17:19:47 client.go:204: 有写者在等待
2020/01/13 17:19:47 client.go:204: 有写者在等待
2020/01/13 17:19:50 client.go:154: 调用ReadFile
2020/01/13 17:19:50 client.go:154: 调用ReadFile
2020/01/13 17:19:50 client.go:231: 调用WriteFile
2020/01/13 17:19:50 client.go:204: 有写者在等待
2020/01/13 17:19:50 client.go:204: 有写者在等待
2020/01/13 17:19:51 client.go:231: 调用WriteFile
2020/01/13 17:19:51 client.go:154: 调用ReadFile
2020/01/13 17:19:51 client.go:154: 调用ReadFile
2020/01/13 17:19:51 client.go:217: 文件：t2.txt下载成功
2020/01/13 17:19:51 client.go:217: 文件：t2.txt下载成功
2020/01/13 17:19:53 client.go:154: 调用ReadFile
2020/01/13 17:19:53 client.go:154: 调用ReadFile
2020/01/13 17:19:53 client.go:231: 调用WriteFile
2020/01/13 17:19:53 client.go:204: 有写者在等待
2020/01/13 17:19:53 client.go:204: 有写者在等待
2020/01/13 17:19:55 client.go:154: 调用ReadFile
2020/01/13 17:19:55 client.go:154: 调用ReadFile
2020/01/13 17:19:55 client.go:231: 调用WriteFile
2020/01/13 17:19:55 client.go:204: 有写者在等待
2020/01/13 17:19:55 client.go:204: 有写者在等待
2020/01/13 17:19:56 client.go:231: 调用WriteFile
2020/01/13 17:19:56 client.go:154: 调用ReadFile
2020/01/13 17:19:56 client.go:154: 调用ReadFile
2020/01/13 17:19:56 client.go:204: 有写者在等待
2020/01/13 17:19:56 client.go:204: 有写者在等待
2020/01/13 18:58:28 client.go:119: dial tcp 127.0.0.1:8081: connectex: No connection could be made because the target machine actively refused it.
2020/01/13 18:58:58 client.go:231: 调用WriteFile
2020/01/13 18:59:21 client.go:154: 调用ReadFile
2020/01/13 18:59:21 client.go:217: 文件：t4.txt下载成功
2020/01/13 19:05:51 client.go:154: 调用ReadFile
2020/01/13 19:05:51 client.go:181: 本地文件已是最新文件
2020/01/13 19:13:46 client.go:231: 调用WriteFile
2020/01/13 19:13:46 client.go:249: invalid argument
2020/01/13 19:15:46 client.go:154: 调用ReadFile
2020/01/13 19:15:46 client.go:181: 本地文件已是最新文件
2020/01/13 19:17:23 client.go:231: 调用WriteFile
2020/01/13 19:17:51 client.go:231: 调用WriteFile
2020/01/13 19:18:09 client.go:154: 调用ReadFile
2020/01/13 19:18:09 client.go:217: 文件：t4.txt下载成功
2020/01/13 20:16:15 client.go:129: 调用DeleteFile
2020/01/13 20:16:15 client.go:134: remove t4.txt: The process cannot access the file because it is being used by another process.
2020/01/13 20:18:20 client.go:129: 调用DeleteFile
2020/01/13 20:18:20 client.go:134: remove t4.txt: The system cannot find the file specified.
2020/01/13 20:19:13 client.go:129: 调用DeleteFile
2020/01/13 20:22:55 client.go:129: 调用DeleteFile
2020/01/13 20:23:00 client.go:129: 调用DeleteFile
2020/01/13 20:33:14 client.go:228: 调用WriteFile
2020/01/13 20:33:17 client.go:228: 调用WriteFile
2020/01/13 20:33:19 client.go:228: 调用WriteFile
2020/01/13 20:33:22 client.go:154: 调用ReadFile
2020/01/13 20:33:22 client.go:214: 文件：l2.txt下载成功
2020/01/13 20:33:29 client.go:154: 调用ReadFile
2020/01/13 20:33:29 client.go:181: 本地文件已是最新文件
2020/01/13 20:33:33 client.go:228: 调用WriteFile
2020/01/13 20:33:35 client.go:154: 调用ReadFile
2020/01/13 20:33:35 client.go:214: 文件：l2.txt下载成功
2020/01/13 20:33:47 client.go:154: 调用ReadFile
2020/01/13 20:33:47 client.go:214: 文件：l1.txt下载成功
2020/01/13 20:34:03 client.go:154: 调用ReadFile
2020/01/13 20:34:03 client.go:181: 本地文件已是最新文件
2020/01/13 20:34:10 client.go:228: 调用WriteFile
2020/01/13 20:34:16 client.go:154: 调用ReadFile
2020/01/13 20:34:16 client.go:214: 文件：l2.txt下载成功
